time="2021-08-14T22:21:28+09:00" level=info msg="logger initialized" func="app.go:28" file="main.main()"
time="2021-08-14T22:21:28+09:00" level=info msg="config initializing" func="app.go:30" file="main.main()"
time="2021-08-14T22:21:28+09:00" level=info msg="read application config" func="config.go:34" file="github.com/charopevez/eob-accountant-worker/internal/config.GetConfig.func1()"
time="2021-08-14T22:21:28+09:00" level=info msg="router initializing" func="app.go:33" file="main.main()"
time="2021-08-14T22:21:28+09:00" level=fatal msg="failed to create client to eobDB due to error error parsing uri: scheme must be \"mongodb\" or \"mongodb+srv\"" func="app.go:42" file="main.main()"
time="2021-08-14T23:10:56+09:00" level=info msg="logger initialized" func="app.go:28" file="main.main()"
time="2021-08-14T23:10:56+09:00" level=info msg="config initializing" func="app.go:30" file="main.main()"
time="2021-08-14T23:10:56+09:00" level=info msg="read application config" func="config.go:34" file="github.com/charopevez/eob-accountant-worker/internal/config.GetConfig.func1()"
time="2021-08-14T23:10:56+09:00" level=info msg="router initializing" func="app.go:33" file="main.main()"
time="2021-08-14T23:10:56+09:00" level=info msg="db client initializing" func="app.go:39" file="main.main()"
time="2021-08-14T23:10:56+09:00" level=fatal msg="failed to create client to eobDB due to error error parsing uri: scheme must be \"mongodb\" or \"mongodb+srv\"" func="app.go:43" file="main.main()"
time="2021-08-14T23:12:39+09:00" level=info msg="logger initialized" func="app.go:28" file="main.main()"
time="2021-08-14T23:12:39+09:00" level=info msg="config initializing" func="app.go:30" file="main.main()"
time="2021-08-14T23:12:39+09:00" level=info msg="read application config" func="config.go:34" file="github.com/charopevez/eob-accountant-worker/internal/config.GetConfig.func1()"
time="2021-08-14T23:12:39+09:00" level=info msg="&{0xc000088b28 {port 0.0.0.0 10005} {eobdb 27017 eobuser eobuserpass eob-system eob_system accounts}}" func="app.go:32" file="main.main()"
time="2021-08-14T23:12:39+09:00" level=info msg="router initializing" func="app.go:34" file="main.main()"
time="2021-08-14T23:12:39+09:00" level=info msg="db client initializing" func="app.go:40" file="main.main()"
time="2021-08-14T23:12:39+09:00" level=fatal msg="failed to create client to eobDB due to error error parsing uri: scheme must be \"mongodb\" or \"mongodb+srv\"" func="app.go:44" file="main.main()"
time="2021-08-14T23:14:33+09:00" level=info msg="logger initialized" func="app.go:28" file="main.main()"
time="2021-08-14T23:14:33+09:00" level=info msg="config initializing" func="app.go:30" file="main.main()"
time="2021-08-14T23:14:33+09:00" level=info msg="read application config" func="config.go:34" file="github.com/charopevez/eob-accountant-worker/internal/config.GetConfig.func1()"
time="2021-08-14T23:14:33+09:00" level=info msg="&{0xc000094188 {port 0.0.0.0 10005} {eobdb 27017 eobuser eobuserpass eob-system eob_system accounts}}" func="app.go:32" file="main.main()"
time="2021-08-14T23:14:33+09:00" level=info msg="router initializing" func="app.go:34" file="main.main()"
time="2021-08-14T23:14:33+09:00" level=info msg="db client initializing" func="app.go:40" file="main.main()"
time="2021-08-14T23:14:33+09:00" level=fatal msg="failed to create client to eobDB due to error error parsing uri: scheme must be \"mongodb\" or \"mongodb+srv\"" func="app.go:44" file="main.main()"
time="2021-08-14T23:15:12+09:00" level=info msg="logger initialized" func="app.go:28" file="main.main()"
time="2021-08-14T23:15:12+09:00" level=info msg="config initializing" func="app.go:30" file="main.main()"
time="2021-08-14T23:15:12+09:00" level=info msg="read application config" func="config.go:34" file="github.com/charopevez/eob-accountant-worker/internal/config.GetConfig.func1()"
time="2021-08-14T23:15:12+09:00" level=info msg="&{0xc0001affd8 {port 0.0.0.0 10005} {eobdb 27017 eobuser eobuserpass eob-system eob_system accounts}}" func="app.go:32" file="main.main()"
time="2021-08-14T23:15:12+09:00" level=info msg="router initializing" func="app.go:34" file="main.main()"
time="2021-08-14T23:15:12+09:00" level=info msg="db client initializing" func="app.go:40" file="main.main()"
time="2021-08-14T23:15:12+09:00" level=fatal msg="failed to create client to eobDB due to error error parsing uri: scheme must be \"mongodb\" or \"mongodb+srv\"" func="app.go:44" file="main.main()"
time="2021-08-14T23:17:36+09:00" level=info msg="logger initialized" func="app.go:28" file="main.main()"
time="2021-08-14T23:17:36+09:00" level=info msg="config initializing" func="app.go:30" file="main.main()"
time="2021-08-14T23:17:36+09:00" level=info msg="read application config" func="config.go:34" file="github.com/charopevez/eob-accountant-worker/internal/config.GetConfig.func1()"
time="2021-08-14T23:17:36+09:00" level=info msg="&{0xc0001af618 {port 0.0.0.0 10005} {eobdb 27017 eobuser eobuserpass eob-system eob_system accounts}}" func="app.go:32" file="main.main()"
time="2021-08-14T23:17:36+09:00" level=info msg="router initializing" func="app.go:34" file="main.main()"
time="2021-08-14T23:17:36+09:00" level=info msg="db client initializing" func="app.go:40" file="main.main()"
time="2021-08-14T23:17:36+09:00" level=fatal msg="failed to create client to eobDB due to error error parsing uri: scheme must be \"mongodb\" or \"mongodb+srv\"" func="app.go:44" file="main.main()"
time="2021-08-14T23:22:18+09:00" level=info msg="logger initialized" func="app.go:28" file="main.main()"
time="2021-08-14T23:22:18+09:00" level=info msg="config initializing" func="app.go:30" file="main.main()"
time="2021-08-14T23:22:18+09:00" level=info msg="read application config" func="config.go:34" file="github.com/charopevez/eob-accountant-worker/internal/config.GetConfig.func1()"
time="2021-08-14T23:22:18+09:00" level=info msg="&{0xc000090c38 {port 0.0.0.0 10005} {eobdb 27017 eobuser eobuserpass eob-system eob_system accounts}}" func="app.go:32" file="main.main()"
time="2021-08-14T23:22:18+09:00" level=info msg="router initializing" func="app.go:34" file="main.main()"
time="2021-08-14T23:22:18+09:00" level=info msg="db client initializing" func="app.go:40" file="main.main()"
time="2021-08-14T23:22:18+09:00" level=fatal msg="failed to create client to eobDB due to error error parsing uri: scheme must be \"mongodb\" or \"mongodb+srv\"" func="app.go:44" file="main.main()"
time="2021-08-14T23:22:48+09:00" level=info msg="logger initialized" func="app.go:28" file="main.main()"
time="2021-08-14T23:22:48+09:00" level=info msg="config initializing" func="app.go:30" file="main.main()"
time="2021-08-14T23:22:48+09:00" level=info msg="read application config" func="config.go:34" file="github.com/charopevez/eob-accountant-worker/internal/config.GetConfig.func1()"
time="2021-08-14T23:22:48+09:00" level=info msg="&{0xc00008ccd8 {port 0.0.0.0 10005} {eobdb 27017 eobuser eobuserpass eob-system eob_system accounts}}" func="app.go:32" file="main.main()"
time="2021-08-14T23:22:48+09:00" level=info msg="router initializing" func="app.go:34" file="main.main()"
time="2021-08-14T23:22:48+09:00" level=info msg="db client initializing" func="app.go:40" file="main.main()"
time="2021-08-14T23:22:48+09:00" level=fatal msg="failed to create client to eobDB due to error error parsing uri: scheme must be \"mongodb\" or \"mongodb+srv\"" func="app.go:44" file="main.main()"
time="2021-08-14T23:37:58+09:00" level=info msg="logger initialized" func="app.go:28" file="main.main()"
time="2021-08-14T23:37:58+09:00" level=info msg="config initializing" func="app.go:30" file="main.main()"
time="2021-08-14T23:37:58+09:00" level=info msg="read application config" func="config.go:34" file="github.com/charopevez/eob-accountant-worker/internal/config.GetConfig.func1()"
time="2021-08-14T23:37:58+09:00" level=info msg="&{0xc000179e98 {port 0.0.0.0 10005} {eobdb 27017 eobuser eobuserpass eob-system eob_system accounts}}" func="app.go:32" file="main.main()"
time="2021-08-14T23:37:58+09:00" level=info msg="router initializing" func="app.go:34" file="main.main()"
time="2021-08-14T23:37:58+09:00" level=info msg="db client initializing" func="app.go:40" file="main.main()"
time="2021-08-14T23:38:28+09:00" level=fatal msg="failed to create client to eobDB due to error server selection error: server selection timeout, current topology: { Type: Unknown, Servers: [{ Addr: eobdb:27017, Type: Unknown, Last error: connection() error occured during connection handshake: dial tcp: lookup eobdb: no such host }, ] }" func="app.go:44" file="main.main()"
